[2017-11-23 19:38:54] [info]  [ 6648] Commons Daemon procrun (1.0.15.0 64-bit) started
[2017-11-23 19:38:54] [info]  [ 6648] Debugging 'Tomcat9' service...
[2017-11-23 19:38:54] [info]  [ 6648] Starting service...
[2017-11-23 19:38:58] [info]  [ 6648] Service started in 4223 ms.
[2017-11-23 19:42:16] [info]  [ 8524] Commons Daemon procrun (1.0.15.0 64-bit) started
[2017-11-23 19:42:17] [info]  [ 8524] Running 'Tomcat9' Service...
[2017-11-23 19:42:17] [info]  [ 4212] Starting service...
[2017-11-23 19:42:18] [info]  [ 4212] Service started in 1356 ms.
[2017-11-23 19:42:20] [info]  [ 8524] Run service finished.
[2017-11-23 19:42:21] [info]  [ 8524] Commons Daemon procrun finished
[2017-11-23 19:43:12] [info]  [ 8548] Console CTRL+CLOSE event signaled
[2017-11-23 19:43:12] [info]  [ 8548] Stopping service...
[2017-11-23 19:43:13] [info]  [ 8548] Service stop thread completed.
[2017-11-23 19:43:24] [info]  [ 7336] Commons Daemon procrun (1.0.15.0 64-bit) started
[2017-11-23 19:43:24] [info]  [ 7336] Debugging 'Tomcat9' service...
[2017-11-23 19:43:24] [info]  [ 7336] Starting service...
[2017-11-23 19:43:25] [info]  [ 7336] Service started in 1312 ms.
[2017-11-23 19:45:37] [info]  [ 2192] Commons Daemon procrun (1.0.15.0 64-bit) started
[2017-11-23 19:45:37] [info]  [ 2192] Running 'Tomcat9' Service...
[2017-11-23 19:45:37] [info]  [ 1244] Starting service...
[2017-11-23 19:45:39] [info]  [ 1244] Service started in 1299 ms.
[2017-11-23 19:45:40] [info]  [ 2192] Run service finished.
[2017-11-23 19:45:40] [info]  [ 2192] Commons Daemon procrun finished
[2017-11-23 19:46:06] [info]  [ 6768] Console CTRL+CLOSE event signaled
[2017-11-23 19:46:06] [info]  [ 6768] Stopping service...
[2017-11-23 19:46:07] [info]  [ 6768] Service stop thread completed.
[2017-11-23 19:46:11] [info]  [ 7028] Commons Daemon procrun (1.0.15.0 64-bit) started
[2017-11-23 19:46:11] [info]  [ 7028] Running 'Tomcat9' Service...
[2017-11-23 19:46:11] [info]  [ 1564] Starting service...
[2017-11-23 19:46:13] [info]  [ 1564] Service started in 1280 ms.
[2017-11-23 19:52:22] [info]  [ 3424] Stopping service...
[2017-11-23 19:52:23] [info]  [ 3424] Service stop thread completed.
[2017-11-23 19:52:23] [info]  [ 7028] Run service finished.
[2017-11-23 19:52:23] [info]  [ 7028] Commons Daemon procrun finished
